<?xml version="1.0" encoding="UTF-8"?>
<testsuite xmlns:xsi="http://www.w3.org/2001/XMLSchema-instance" xsi:noNamespaceSchemaLocation="https://maven.apache.org/surefire/maven-surefire-plugin/xsd/surefire-test-report-3.0.xsd" version="3.0" name="org.example.wps.AppTest" time="0.012" tests="1" errors="0" skipped="0" failures="0">
  <properties>
    <property name="sun.desktop" value="windows"/>
    <property name="awt.toolkit" value="sun.awt.windows.WToolkit"/>
    <property name="file.encoding.pkg" value="sun.io"/>
    <property name="java.specification.version" value="1.8"/>
    <property name="sun.cpu.isalist" value="amd64"/>
    <property name="sun.jnu.encoding" value="Cp1252"/>
    <property name="java.class.path" value="C:\Users\advai\Documents\Academic\IIRS\Module3\IGWF_Proj\sp\wps-demo\target\test-classes;C:\Users\advai\Documents\Academic\IIRS\Module3\IGWF_Proj\sp\wps-demo\target\classes;C:\Users\advai\.m2\repository\junit\junit\3.8.1\junit-3.8.1.jar;C:\Users\advai\.m2\repository\org\geotools\gt-process\28.5\gt-process-28.5.jar;C:\Users\advai\.m2\repository\org\jaitools\jt-utils\1.6.0\jt-utils-1.6.0.jar;C:\Users\advai\.m2\repository\org\geotools\gt-main\28.5\gt-main-28.5.jar;C:\Users\advai\.m2\repository\org\geotools\gt-referencing\28.5\gt-referencing-28.5.jar;C:\Users\advai\.m2\repository\commons-pool\commons-pool\1.5.4\commons-pool-1.5.4.jar;C:\Users\advai\.m2\repository\org\geotools\gt-metadata\28.5\gt-metadata-28.5.jar;C:\Users\advai\.m2\repository\org\geotools\gt-opengis\28.5\gt-opengis-28.5.jar;C:\Users\advai\.m2\repository\systems\uom\systems-common\2.0.2\systems-common-2.0.2.jar;C:\Users\advai\.m2\repository\javax\measure\unit-api\2.0\unit-api-2.0.jar;C:\Users\advai\.m2\repository\tech\units\indriya\2.0.2\indriya-2.0.2.jar;C:\Users\advai\.m2\repository\tech\uom\lib\uom-lib-common\2.0\uom-lib-common-2.0.jar;C:\Users\advai\.m2\repository\javax\inject\javax.inject\1\javax.inject-1.jar;C:\Users\advai\.m2\repository\si\uom\si-quantity\2.0.1\si-quantity-2.0.1.jar;C:\Users\advai\.m2\repository\si\uom\si-units\2.0.1\si-units-2.0.1.jar;C:\Users\advai\.m2\repository\jakarta\annotation\jakarta.annotation-api\1.3.4\jakarta.annotation-api-1.3.4.jar;C:\Users\advai\.m2\repository\org\geotools\ogc\net.opengis.ows\28.5\net.opengis.ows-28.5.jar;C:\Users\advai\.m2\repository\org\geotools\ogc\org.w3.xlink\28.5\org.w3.xlink-28.5.jar;C:\Users\advai\.m2\repository\org\eclipse\emf\org.eclipse.emf.common\2.15.0\org.eclipse.emf.common-2.15.0.jar;C:\Users\advai\.m2\repository\org\eclipse\emf\org.eclipse.emf.ecore\2.15.0\org.eclipse.emf.ecore-2.15.0.jar;C:\Users\advai\.m2\repository\org\eclipse\emf\org.eclipse.emf.ecore.xmi\2.15.0\org.eclipse.emf.ecore.xmi-2.15.0.jar;C:\Users\advai\.m2\repository\it\geosolutions\jgridshift\jgridshift-core\1.3\jgridshift-core-1.3.jar;C:\Users\advai\.m2\repository\net\sf\geographiclib\GeographicLib-Java\1.49\GeographicLib-Java-1.49.jar;C:\Users\advai\.m2\repository\org\geotools\gt-http\28.5\gt-http-28.5.jar;C:\Users\advai\.m2\repository\org\apache\commons\commons-text\1.10.0\commons-text-1.10.0.jar;C:\Users\advai\.m2\repository\org\apache\commons\commons-lang3\3.12.0\commons-lang3-3.12.0.jar;C:\Users\advai\.m2\repository\com\fasterxml\jackson\core\jackson-core\2.15.2\jackson-core-2.15.2.jar;C:\Users\advai\.m2\repository\com\google\re2j\re2j\1.6\re2j-1.6.jar;C:\Users\advai\.m2\repository\org\ejml\ejml-ddense\0.41\ejml-ddense-0.41.jar;C:\Users\advai\.m2\repository\org\ejml\ejml-core\0.41\ejml-core-0.41.jar;C:\Users\advai\.m2\repository\javax\media\jai_imageio\1.1\jai_imageio-1.1.jar;C:\Users\advai\.m2\repository\javax\media\jai_core\1.1.3\jai_core-1.1.3.jar;C:\Users\advai\.m2\repository\org\geotools\gt-process-geometry\28.5\gt-process-geometry-28.5.jar;C:\Users\advai\.m2\repository\org\geotools\gt-graph\28.5\gt-graph-28.5.jar;C:\Users\advai\.m2\repository\org\locationtech\jts\jts-core\1.16.1\jts-core-1.16.1.jar;"/>
    <property name="java.vm.vendor" value="Oracle Corporation"/>
    <property name="sun.arch.data.model" value="64"/>
    <property name="user.variant" value=""/>
    <property name="java.vendor.url" value="http://java.oracle.com/"/>
    <property name="user.timezone" value="Asia/Calcutta"/>
    <property name="java.vm.specification.version" value="1.8"/>
    <property name="os.name" value="Windows 11"/>
    <property name="user.country" value="US"/>
    <property name="sun.java.launcher" value="SUN_STANDARD"/>
    <property name="sun.boot.library.path" value="C:\Program Files\Java\jdk-1.8\jre\bin"/>
    <property name="sun.java.command" value="C:\Users\advai\AppData\Local\Temp\surefire4881559814167158818\surefirebooter-20240610102429676_3.jar C:\Users\advai\AppData\Local\Temp\surefire4881559814167158818 2024-06-10T10-24-28_614-jvmRun1 surefire-20240610102429676_1tmp surefire_0-20240610102429676_2tmp"/>
    <property name="surefire.test.class.path" value="C:\Users\advai\Documents\Academic\IIRS\Module3\IGWF_Proj\sp\wps-demo\target\test-classes;C:\Users\advai\Documents\Academic\IIRS\Module3\IGWF_Proj\sp\wps-demo\target\classes;C:\Users\advai\.m2\repository\junit\junit\3.8.1\junit-3.8.1.jar;C:\Users\advai\.m2\repository\org\geotools\gt-process\28.5\gt-process-28.5.jar;C:\Users\advai\.m2\repository\org\jaitools\jt-utils\1.6.0\jt-utils-1.6.0.jar;C:\Users\advai\.m2\repository\org\geotools\gt-main\28.5\gt-main-28.5.jar;C:\Users\advai\.m2\repository\org\geotools\gt-referencing\28.5\gt-referencing-28.5.jar;C:\Users\advai\.m2\repository\commons-pool\commons-pool\1.5.4\commons-pool-1.5.4.jar;C:\Users\advai\.m2\repository\org\geotools\gt-metadata\28.5\gt-metadata-28.5.jar;C:\Users\advai\.m2\repository\org\geotools\gt-opengis\28.5\gt-opengis-28.5.jar;C:\Users\advai\.m2\repository\systems\uom\systems-common\2.0.2\systems-common-2.0.2.jar;C:\Users\advai\.m2\repository\javax\measure\unit-api\2.0\unit-api-2.0.jar;C:\Users\advai\.m2\repository\tech\units\indriya\2.0.2\indriya-2.0.2.jar;C:\Users\advai\.m2\repository\tech\uom\lib\uom-lib-common\2.0\uom-lib-common-2.0.jar;C:\Users\advai\.m2\repository\javax\inject\javax.inject\1\javax.inject-1.jar;C:\Users\advai\.m2\repository\si\uom\si-quantity\2.0.1\si-quantity-2.0.1.jar;C:\Users\advai\.m2\repository\si\uom\si-units\2.0.1\si-units-2.0.1.jar;C:\Users\advai\.m2\repository\jakarta\annotation\jakarta.annotation-api\1.3.4\jakarta.annotation-api-1.3.4.jar;C:\Users\advai\.m2\repository\org\geotools\ogc\net.opengis.ows\28.5\net.opengis.ows-28.5.jar;C:\Users\advai\.m2\repository\org\geotools\ogc\org.w3.xlink\28.5\org.w3.xlink-28.5.jar;C:\Users\advai\.m2\repository\org\eclipse\emf\org.eclipse.emf.common\2.15.0\org.eclipse.emf.common-2.15.0.jar;C:\Users\advai\.m2\repository\org\eclipse\emf\org.eclipse.emf.ecore\2.15.0\org.eclipse.emf.ecore-2.15.0.jar;C:\Users\advai\.m2\repository\org\eclipse\emf\org.eclipse.emf.ecore.xmi\2.15.0\org.eclipse.emf.ecore.xmi-2.15.0.jar;C:\Users\advai\.m2\repository\it\geosolutions\jgridshift\jgridshift-core\1.3\jgridshift-core-1.3.jar;C:\Users\advai\.m2\repository\net\sf\geographiclib\GeographicLib-Java\1.49\GeographicLib-Java-1.49.jar;C:\Users\advai\.m2\repository\org\geotools\gt-http\28.5\gt-http-28.5.jar;C:\Users\advai\.m2\repository\org\apache\commons\commons-text\1.10.0\commons-text-1.10.0.jar;C:\Users\advai\.m2\repository\org\apache\commons\commons-lang3\3.12.0\commons-lang3-3.12.0.jar;C:\Users\advai\.m2\repository\com\fasterxml\jackson\core\jackson-core\2.15.2\jackson-core-2.15.2.jar;C:\Users\advai\.m2\repository\com\google\re2j\re2j\1.6\re2j-1.6.jar;C:\Users\advai\.m2\repository\org\ejml\ejml-ddense\0.41\ejml-ddense-0.41.jar;C:\Users\advai\.m2\repository\org\ejml\ejml-core\0.41\ejml-core-0.41.jar;C:\Users\advai\.m2\repository\javax\media\jai_imageio\1.1\jai_imageio-1.1.jar;C:\Users\advai\.m2\repository\javax\media\jai_core\1.1.3\jai_core-1.1.3.jar;C:\Users\advai\.m2\repository\org\geotools\gt-process-geometry\28.5\gt-process-geometry-28.5.jar;C:\Users\advai\.m2\repository\org\geotools\gt-graph\28.5\gt-graph-28.5.jar;C:\Users\advai\.m2\repository\org\locationtech\jts\jts-core\1.16.1\jts-core-1.16.1.jar;"/>
    <property name="sun.cpu.endian" value="little"/>
    <property name="user.home" value="C:\Users\advai"/>
    <property name="user.language" value="en"/>
    <property name="java.specification.vendor" value="Oracle Corporation"/>
    <property name="java.home" value="C:\Program Files\Java\jdk-1.8\jre"/>
    <property name="basedir" value="C:\Users\advai\Documents\Academic\IIRS\Module3\IGWF_Proj\sp\wps-demo"/>
    <property name="file.separator" value="\"/>
    <property name="line.separator" value="&#10;"/>
    <property name="java.vm.specification.vendor" value="Oracle Corporation"/>
    <property name="java.specification.name" value="Java Platform API Specification"/>
    <property name="java.awt.graphicsenv" value="sun.awt.Win32GraphicsEnvironment"/>
    <property name="surefire.real.class.path" value="C:\Users\advai\AppData\Local\Temp\surefire4881559814167158818\surefirebooter-20240610102429676_3.jar"/>
    <property name="sun.boot.class.path" value="C:\Program Files\Java\jdk-1.8\jre\lib\resources.jar;C:\Program Files\Java\jdk-1.8\jre\lib\rt.jar;C:\Program Files\Java\jdk-1.8\jre\lib\jsse.jar;C:\Program Files\Java\jdk-1.8\jre\lib\jce.jar;C:\Program Files\Java\jdk-1.8\jre\lib\charsets.jar;C:\Program Files\Java\jdk-1.8\jre\lib\jfr.jar;C:\Program Files\Java\jdk-1.8\jre\classes"/>
    <property name="user.script" value=""/>
    <property name="sun.management.compiler" value="HotSpot 64-Bit Tiered Compilers"/>
    <property name="java.runtime.version" value="1.8.0_401-b10"/>
    <property name="user.name" value="advai"/>
    <property name="path.separator" value=";"/>
    <property name="os.version" value="10.0"/>
    <property name="java.endorsed.dirs" value="C:\Program Files\Java\jdk-1.8\jre\lib\endorsed"/>
    <property name="java.runtime.name" value="Java(TM) SE Runtime Environment"/>
    <property name="file.encoding" value="Cp1252"/>
    <property name="java.vm.name" value="Java HotSpot(TM) 64-Bit Server VM"/>
    <property name="localRepository" value="C:\Users\advai\.m2\repository"/>
    <property name="java.vendor.url.bug" value="http://bugreport.sun.com/bugreport/"/>
    <property name="java.io.tmpdir" value="C:\Users\advai\AppData\Local\Temp\"/>
    <property name="java.version" value="1.8.0_401"/>
    <property name="user.dir" value="C:\Users\advai\Documents\Academic\IIRS\Module3\IGWF_Proj\sp\wps-demo"/>
    <property name="os.arch" value="amd64"/>
    <property name="java.vm.specification.name" value="Java Virtual Machine Specification"/>
    <property name="java.awt.printerjob" value="sun.awt.windows.WPrinterJob"/>
    <property name="sun.os.patch.level" value=""/>
    <property name="java.library.path" value="C:\Program Files\Java\jdk-1.8\jre\bin;C:\WINDOWS\Sun\Java\bin;C:\WINDOWS\system32;C:\WINDOWS;C:\Program Files\Alacritty\;C:\Program Files\Java\jdk-1.8\bin;C:\Program Files (x86)\Common Files\Oracle\Java\javapath;C:\Program Files\NVIDIA GPU Computing Toolkit\CUDA\v11.7\bin;C:\Program Files\NVIDIA GPU Computing Toolkit\CUDA\v11.7\libnvvp;C:\Program Files\NVIDIA GPU Computing Toolkit\CUDA\v11.3\bin;C:\Program Files\NVIDIA GPU Computing Toolkit\CUDA\v11.3\libnvvp;C:\Program Files\NVIDIA GPU Computing Toolkit\CUDA\v11.2\bin;C:\Program Files\NVIDIA GPU Computing Toolkit\CUDA\v11.2\libnvvp;C:\Windows\system32;C:\Windows;C:\Windows\System32\Wbem;C:\Windows\System32\WindowsPowerShell\v1.0\;C:\Windows\System32\OpenSSH\;C:\Program Files (x86)\NVIDIA Corporation\PhysX\Common;C:\Program Files\NVIDIA Corporation\NVIDIA NvDLISR;C:\Program Files\Git\cmd;C:\Users\advai\anaconda3\condabin;C:\Users\advai\AppData\Roaming\Python\Python38\Scripts;C:\Users\advai\bazelisk;C:\ProgramData\NVIDIA GPU Computing Toolkit\v11.2\bin;C:\Users\advai\binary;C:\Users\advai\Documents\ffmpeg-master-latest-win64-gpl\bin;C:\ProgramData\chocolatey\bin;C:\Program Files\Pandoc\;C:\Program Files\MongoDB\Server\5.0\bin;C:\Users\advai\AppData\Roaming\npm;C:\Program Files\dotnet\;C:\Program Files\NVIDIA Corporation\Nsight Compute 2022.2.0\;C:\Program Files\Go\bin;C:\Users\advai\AppData\Local\Programs\pulsar;C:\WINDOWS\system32;C:\WINDOWS;C:\WINDOWS\System32\Wbem;C:\WINDOWS\System32\WindowsPowerShell\v1.0\;C:\WINDOWS\System32\OpenSSH\;C:\Users\advai\anaconda3\Scripts;C:\Program Files\PowerShell\7\;C:\Program Files\nodejs\;C:\Program Files (x86)\Windows Kits\10\Windows Performance Toolkit\;C:\Users\advai\anaconda3\;C:\Users\advai\anaconda3\Library;C:\Users\advai\anaconda3\Library\bin;C:\Strawberry\c\bin;C:\Strawberry\perl\site\bin;C:\Strawberry\perl\bin;C:\Python310;C:\Program Files\Docker\Docker\resources\bin;C:\Users\advai\anaconda3;C:\Users\advai\anaconda3\Library\mingw-w64\bin;C:\Users\advai\anaconda3\Library\usr\bin;C:\Users\advai\anaconda3\Library\bin;C:\Users\advai\anaconda3\Scripts;C:\Users\advai\AppData\Local\pnpm;C:\Users\advai\scoop\apps\nodejs\current\bin;C:\Users\advai\scoop\apps\nodejs\current;C:\Users\advai\scoop\shims;C:\Users\advai\.cargo\bin;C:\Users\advai\AppData\Local\Microsoft\WindowsApps;C:\Users\advai\AppData\Local\GitHubDesktop\bin;C:\Users\advai\AppData\Local\Programs\Microsoft VS Code\bin;C:\Users\advai\AppData\Local\gitkraken\bin;C:\Users\advai\.vscode-server-launcher\bin;C:\Users\advai\go\bin;C:\Users\advai\AppData\Local\Microsoft\WindowsApps;C:\Program Files\Neovim\bin;C:\Users\advai\AppData\Local\JetBrains\Toolbox\scripts;C:\ProgramData\chocolatey\lib\deno;C:\Program Files\CMake\bin;C:\Program Files\R\R-4.3.2\bin;C:\Program Files\snap\bin;C:\Users\advai\AppData\Local\Programs\MiKTeX\miktex\bin\x64\;C:\Users\advai\Documents\Academic\IIRS\mingw64\bin;C:\Program Files (x86)\GnuWin32\bin;C:\Users\advai\Documents\livekit;C:\Users\advai\Documents\GitHub\zed\target\release;C:\Users\advai\apache-maven-3.9.7\bin;;."/>
    <property name="java.vm.info" value="mixed mode"/>
    <property name="java.vendor" value="Oracle Corporation"/>
    <property name="java.vm.version" value="25.401-b10"/>
    <property name="java.specification.maintenance.version" value="5"/>
    <property name="java.ext.dirs" value="C:\Program Files\Java\jdk-1.8\jre\lib\ext;C:\WINDOWS\Sun\Java\lib\ext"/>
    <property name="sun.io.unicode.encoding" value="UnicodeLittle"/>
    <property name="java.class.version" value="52.0"/>
  </properties>
  <testcase name="testApp" classname="org.example.wps.AppTest" time="0.001"/>
</testsuite>